47.644113 -122.205586, 135.000000, 5.000000, 0.000000, 1380803769390250, 03.10.2013 15:36:09
47.644081 -122.205539, 135.000000, 5.000000, 0.000000, 1380803769691764, 03.10.2013 15:36:09
47.644039 -122.205520, 169.000000, 5.000000, 0.000000, 1380803769993158, 03.10.2013 15:36:09
47.643995 -122.205507, 169.000000, 5.000000, 0.000000, 1380803770294258, 03.10.2013 15:36:10
47.643950 -122.205494, 169.000000, 5.000000, 0.000000, 1380803770595471, 03.10.2013 15:36:10
47.643906 -122.205485, 174.000000, 5.000000, 0.000000, 1380803770896178, 03.10.2013 15:36:10
47.643861 -122.205478, 174.000000, 5.000000, 0.000000, 1380803771197153, 03.10.2013 15:36:11
47.643817 -122.205470, 174.000000, 5.000000, 0.000000, 1380803771498460, 03.10.2013 15:36:11
47.643772 -122.205469, 198.000000, 5.000000, 0.000000, 1380803771799787, 03.10.2013 15:36:11
47.643730 -122.205489, 198.000000, 5.000000, 0.000000, 1380803772100929, 03.10.2013 15:36:12
47.643687 -122.205510, 198.000000, 5.000000, 0.000000, 1380803772401393, 03.10.2013 15:36:12
47.643644 -122.205530, 198.000000, 5.000000, 0.000000, 1380803772702731, 03.10.2013 15:36:12
47.643601 -122.205551, 198.000000, 5.000000, 0.000000, 1380803773003868, 03.10.2013 15:36:13
47.643558 -122.205571, 198.000000, 5.000000, 0.000000, 1380803773304856, 03.10.2013 15:36:13
47.643515 -122.205591, 198.000000, 5.000000, 0.000000, 1380803773606306, 03.10.2013 15:36:13
47.643472 -122.205612, 198.000000, 5.000000, 0.000000, 1380803773907582, 03.10.2013 15:36:13
47.643429 -122.205632, 198.000000, 5.000000, 0.000000, 1380803774209003, 03.10.2013 15:36:14
47.643386 -122.205653, 198.000000, 5.000000, 0.000000, 1380803774510139, 03.10.2013 15:36:14
47.643366 -122.205615, 105.000000, 5.000000, 0.000000, 1380803774811384, 03.10.2013 15:36:14
47.643354 -122.205550, 105.000000, 5.000000, 0.000000, 1380803775112501, 03.10.2013 15:36:15
47.643342 -122.205485, 105.000000, 5.000000, 0.000000, 1380803775412942, 03.10.2013 15:36:15
47.643331 -122.205421, 105.000000, 5.000000, 0.000000, 1380803775713164, 03.10.2013 15:36:15
47.643319 -122.205356, 105.000000, 5.000000, 0.000000, 1380803776014284, 03.10.2013 15:36:16
47.643307 -122.205292, 105.000000, 5.000000, 0.000000, 1380803776319593, 03.10.2013 15:36:16
47.643296 -122.205227, 105.000000, 5.000000, 0.000000, 1380803776621354, 03.10.2013 15:36:16
47.643284 -122.205163, 105.000000, 5.000000, 0.000000, 1380803776923021, 03.10.2013 15:36:16
47.643272 -122.205098, 105.000000, 5.000000, 0.000000, 1380803777224450, 03.10.2013 15:36:17
47.643260 -122.205034, 105.000000, 5.000000, 0.000000, 1380803777525846, 03.10.2013 15:36:17
47.643249 -122.204969, 105.000000, 5.000000, 0.000000, 1380803777827221, 03.10.2013 15:36:17
47.643237 -122.204904, 105.000000, 5.000000, 0.000000, 1380803778128617, 03.10.2013 15:36:18
47.643225 -122.204840, 105.000000, 5.000000, 0.000000, 1380803778429308, 03.10.2013 15:36:18
47.643213 -122.204775, 105.000000, 5.000000, 0.000000, 1380803778730209, 03.10.2013 15:36:18
47.643202 -122.204711, 105.000000, 5.000000, 0.000000, 1380803779031838, 03.10.2013 15:36:19
47.643190 -122.204646, 105.000000, 5.000000, 0.000000, 1380803779333260, 03.10.2013 15:36:19
47.643178 -122.204582, 105.000000, 5.000000, 0.000000, 1380803779634612, 03.10.2013 15:36:19
47.643167 -122.204517, 105.000000, 5.000000, 0.000000, 1380803779935699, 03.10.2013 15:36:19
47.643154 -122.204456, 98.000000, 5.000000, 0.000000, 1380803780237027, 03.10.2013 15:36:20
47.643148 -122.204390, 98.000000, 5.000000, 0.000000, 1380803780538104, 03.10.2013 15:36:20
47.643141 -122.204323, 98.000000, 5.000000, 0.000000, 1380803780839305, 03.10.2013 15:36:20
47.643135 -122.204257, 98.000000, 5.000000, 0.000000, 1380803781139949, 03.10.2013 15:36:21
47.643129 -122.204191, 98.000000, 5.000000, 0.000000, 1380803781441061, 03.10.2013 15:36:21
47.643122 -122.204125, 98.000000, 5.000000, 0.000000, 1380803781742800, 03.10.2013 15:36:21
47.643116 -122.204059, 98.000000, 5.000000, 0.000000, 1380803782044204, 03.10.2013 15:36:22
47.643113 -122.203993, 91.000000, 5.000000, 0.000000, 1380803782345576, 03.10.2013 15:36:22
47.643113 -122.203926, 91.000000, 5.000000, 0.000000, 1380803782646301, 03.10.2013 15:36:22
47.643112 -122.203859, 91.000000, 5.000000, 0.000000, 1380803782947642, 03.10.2013 15:36:22
47.643111 -122.203792, 91.000000, 5.000000, 0.000000, 1380803783248972, 03.10.2013 15:36:23
47.643110 -122.203725, 91.000000, 5.000000, 0.000000, 1380803783550321, 03.10.2013 15:36:23
47.643109 -122.203659, 91.000000, 5.000000, 0.000000, 1380803783851685, 03.10.2013 15:36:23
47.643108 -122.203592, 91.000000, 5.000000, 0.000000, 1380803784153258, 03.10.2013 15:36:24
47.643111 -122.203527, 71.000000, 5.000000, 0.000000, 1380803784454672, 03.10.2013 15:36:24
47.643125 -122.203464, 71.000000, 5.000000, 0.000000, 1380803784755790, 03.10.2013 15:36:24
47.643140 -122.203400, 71.000000, 5.000000, 0.000000, 1380803785056984, 03.10.2013 15:36:25
47.643155 -122.203337, 71.000000, 5.000000, 0.000000, 1380803785358576, 03.10.2013 15:36:25
47.643169 -122.203274, 71.000000, 5.000000, 0.000000, 1380803785659284, 03.10.2013 15:36:25
47.643184 -122.203211, 71.000000, 5.000000, 0.000000, 1380803785959893, 03.10.2013 15:36:25
47.643207 -122.203154, 57.000000, 5.000000, 0.000000, 1380803786261315, 03.10.2013 15:36:26
47.643241 -122.203076, 57.000000, 5.000000, 0.000000, 1380803786562426, 03.10.2013 15:36:26
47.643276 -122.202998, 57.000000, 5.000000, 0.000000, 1380803786863781, 03.10.2013 15:36:26
47.643318 -122.202931, 35.000000, 7.000000, 0.000000, 1380803787165114, 03.10.2013 15:36:27
47.643370 -122.202877, 35.000000, 7.000000, 0.000000, 1380803787466532, 03.10.2013 15:36:27
47.643421 -122.202824, 35.000000, 7.000000, 0.000000, 1380803787768101, 03.10.2013 15:36:27
47.643473 -122.202771, 13.000000, 7.000000, 0.000000, 1380803788069754, 03.10.2013 15:36:28
47.643534 -122.202750, 13.000000, 7.000000, 0.000000, 1380803788371028, 03.10.2013 15:36:28
47.643596 -122.202729, 13.000000, 7.000000, 0.000000, 1380803788672395, 03.10.2013 15:36:28
47.643657 -122.202708, 13.000000, 7.000000, 0.000000, 1380803788973736, 03.10.2013 15:36:28
47.643711 -122.202665, 40.000000, 7.000000, 0.000000, 1380803789274293, 03.10.2013 15:36:29
47.643759 -122.202605, 40.000000, 7.000000, 0.000000, 1380803789575662, 03.10.2013 15:36:29
47.643807 -122.202545, 40.000000, 7.000000, 0.000000, 1380803789877086, 03.10.2013 15:36:29
47.643853 -122.202484, 73.000000, 7.000000, 0.000000, 1380803790178776, 03.10.2013 15:36:30
47.643872 -122.202394, 73.000000, 7.000000, 0.000000, 1380803790479330, 03.10.2013 15:36:30
47.643893 -122.202307, 69.000000, 7.000000, 0.000000, 1380803790781167, 03.10.2013 15:36:30
47.643916 -122.202220, 69.000000, 7.000000, 0.000000, 1380803791084599, 03.10.2013 15:36:31
47.643938 -122.202132, 69.000000, 7.000000, 0.000000, 1380803791385973, 03.10.2013 15:36:31
47.643930 -122.202039, 97.000000, 7.000000, 0.000000, 1380803791687481, 03.10.2013 15:36:31
47.643923 -122.201947, 97.000000, 7.000000, 0.000000, 1380803791988830, 03.10.2013 15:36:31
47.643915 -122.201854, 97.000000, 7.000000, 0.000000, 1380803792290193, 03.10.2013 15:36:32
47.643907 -122.201761, 97.000000, 7.000000, 0.000000, 1380803792591549, 03.10.2013 15:36:32
47.643892 -122.201672, 117.000000, 7.000000, 0.000000, 1380803792892906, 03.10.2013 15:36:32
47.643855 -122.201565, 117.000000, 7.000000, 0.000000, 1380803793194249, 03.10.2013 15:36:33
47.643818 -122.201458, 117.000000, 7.000000, 0.000000, 1380803793495590, 03.10.2013 15:36:33
47.643780 -122.201352, 121.000000, 9.000000, 0.000000, 1380803793796953, 03.10.2013 15:36:33
47.643738 -122.201249, 121.000000, 9.000000, 0.000000, 1380803794098298, 03.10.2013 15:36:34
47.643690 -122.201154, 131.000000, 9.000000, 0.000000, 1380803794399599, 03.10.2013 15:36:34
47.643637 -122.201063, 131.000000, 9.000000, 0.000000, 1380803794733666, 03.10.2013 15:36:34
47.643583 -122.200972, 131.000000, 9.000000, 0.000000, 1380803795035055, 03.10.2013 15:36:35
47.643531 -122.200882, 141.000000, 9.000000, 0.000000, 1380803795336469, 03.10.2013 15:36:35
47.643467 -122.200806, 141.000000, 9.000000, 0.000000, 1380803795637838, 03.10.2013 15:36:35
47.643404 -122.200730, 141.000000, 9.000000, 0.000000, 1380803795939261, 03.10.2013 15:36:35
47.643341 -122.200655, 141.000000, 9.000000, 0.000000, 1380803796240689, 03.10.2013 15:36:36
47.643278 -122.200579, 141.000000, 9.000000, 0.000000, 1380803796542403, 03.10.2013 15:36:36
47.643214 -122.200508, 151.000000, 9.000000, 0.000000, 1380803796843753, 03.10.2013 15:36:36
47.643143 -122.200449, 151.000000, 9.000000, 0.000000, 1380803797145172, 03.10.2013 15:36:37
47.643072 -122.200391, 151.000000, 9.000000, 0.000000, 1380803797446089, 03.10.2013 15:36:37
47.642986 -122.200320, 151.000000, 9.000000, 0.000000, 1380803797747094, 03.10.2013 15:36:37
47.642899 -122.200252, 150.000000, 11.000000, 0.000000, 1380803798048623, 03.10.2013 15:36:38
47.642813 -122.200178, 150.000000, 11.000000, 0.000000, 1380803798349970, 03.10.2013 15:36:38
47.642727 -122.200105, 150.000000, 11.000000, 0.000000, 1380803798650517, 03.10.2013 15:36:38
47.642641 -122.200031, 150.000000, 11.000000, 0.000000, 1380803798951955, 03.10.2013 15:36:38
47.642555 -122.199958, 150.000000, 11.000000, 0.000000, 1380803799253428, 03.10.2013 15:36:39
47.642469 -122.199884, 150.000000, 11.000000, 0.000000, 1380803799554420, 03.10.2013 15:36:39
47.642391 -122.199798, 139.000000, 11.000000, 0.000000, 1380803799855248, 03.10.2013 15:36:39
47.642316 -122.199701, 139.000000, 11.000000, 0.000000, 1380803800156911, 03.10.2013 15:36:40
47.642241 -122.199605, 139.000000, 11.000000, 0.000000, 1380803800458242, 03.10.2013 15:36:40
47.642175 -122.199498, 124.000000, 11.000000, 0.000000, 1380803800759604, 03.10.2013 15:36:40
47.642120 -122.199377, 124.000000, 11.000000, 0.000000, 1380803801061012, 03.10.2013 15:36:41
47.642064 -122.199255, 124.000000, 11.000000, 0.000000, 1380803801381583, 03.10.2013 15:36:41
47.642009 -122.199133, 124.000000, 11.000000, 0.000000, 1380803801683020, 03.10.2013 15:36:41
47.641953 -122.199011, 124.000000, 11.000000, 0.000000, 1380803801984527, 03.10.2013 15:36:41
47.641898 -122.198890, 124.000000, 11.000000, 0.000000, 1380803802285914, 03.10.2013 15:36:42
47.641852 -122.198762, 110.000000, 11.000000, 0.000000, 1380803802586949, 03.10.2013 15:36:42
47.641818 -122.198624, 110.000000, 11.000000, 0.000000, 1380803802888453, 03.10.2013 15:36:42
47.641784 -122.198486, 110.000000, 11.000000, 0.000000, 1380803803189914, 03.10.2013 15:36:43
47.641750 -122.198348, 110.000000, 11.000000, 0.000000, 1380803803491344, 03.10.2013 15:36:43
47.641716 -122.198210, 110.000000, 11.000000, 0.000000, 1380803803792255, 03.10.2013 15:36:43
47.641682 -122.198072, 110.000000, 11.000000, 0.000000, 1380803804094035, 03.10.2013 15:36:44
47.641648 -122.197935, 107.000000, 11.000000, 0.000000, 1380803804395957, 03.10.2013 15:36:44
47.641619 -122.197795, 107.000000, 11.000000, 0.000000, 1380803804697061, 03.10.2013 15:36:44
47.641590 -122.197654, 107.000000, 11.000000, 0.000000, 1380803804998603, 03.10.2013 15:36:44
47.641561 -122.197514, 107.000000, 11.000000, 0.000000, 1380803805321641, 03.10.2013 15:36:45
47.641532 -122.197373, 107.000000, 11.000000, 0.000000, 1380803805623060, 03.10.2013 15:36:45
47.641498 -122.197208, 107.000000, 11.000000, 0.000000, 1380803805923691, 03.10.2013 15:36:45
47.641463 -122.197042, 107.000000, 11.000000, 0.000000, 1380803806225308, 03.10.2013 15:36:46
47.641429 -122.196876, 107.000000, 11.000000, 0.000000, 1380803806526669, 03.10.2013 15:36:46
47.641395 -122.196710, 107.000000, 11.000000, 0.000000, 1380803806827095, 03.10.2013 15:36:46
47.641360 -122.196544, 107.000000, 11.000000, 0.000000, 1380803807127695, 03.10.2013 15:36:47
47.641326 -122.196378, 107.000000, 11.000000, 0.000000, 1380803807429315, 03.10.2013 15:36:47
47.641235 -122.196323, 179.000000, 13.000000, 0.000000, 1380803807730696, 03.10.2013 15:36:47
47.641118 -122.196320, 179.000000, 13.000000, 0.000000, 1380803808032195, 03.10.2013 15:36:48
47.641001 -122.196316, 179.000000, 13.000000, 0.000000, 1380803808333640, 03.10.2013 15:36:48
47.640883 -122.196313, 179.000000, 13.000000, 0.000000, 1380803808635209, 03.10.2013 15:36:48
47.640768 -122.196312, 178.000000, 13.000000, 0.000000, 1380803808936720, 03.10.2013 15:36:48
47.640651 -122.196306, 178.000000, 13.000000, 0.000000, 1380803809237694, 03.10.2013 15:36:49
47.640534 -122.196303, 180.000000, 13.000000, 0.000000, 1380803809538916, 03.10.2013 15:36:49
47.640417 -122.196303, 180.000000, 13.000000, 0.000000, 1380803809840389, 03.10.2013 15:36:49
47.640300 -122.196303, 180.000000, 13.000000, 0.000000, 1380803810141835, 03.10.2013 15:36:50
47.640182 -122.196303, 180.000000, 13.000000, 0.000000, 1380803810442998, 03.10.2013 15:36:50
47.640065 -122.196303, 180.000000, 13.000000, 0.000000, 1380803810744432, 03.10.2013 15:36:50
47.639950 -122.196312, 188.000000, 13.000000, 0.000000, 1380803811045839, 03.10.2013 15:36:51
47.639834 -122.196336, 188.000000, 13.000000, 0.000000, 1380803811351148, 03.10.2013 15:36:51
47.639718 -122.196360, 188.000000, 13.000000, 0.000000, 1380803811651952, 03.10.2013 15:36:51
47.639602 -122.196384, 188.000000, 13.000000, 0.000000, 1380803811953443, 03.10.2013 15:36:51
47.639486 -122.196408, 188.000000, 13.000000, 0.000000, 1380803812255307, 03.10.2013 15:36:52
47.639370 -122.196432, 188.000000, 13.000000, 0.000000, 1380803812556835, 03.10.2013 15:36:52
47.639272 -122.196529, 213.000000, 13.000000, 0.000000, 1380803812858296, 03.10.2013 15:36:52
47.639174 -122.196623, 213.000000, 13.000000, 0.000000, 1380803813159942, 03.10.2013 15:36:53
47.639094 -122.196748, 229.000000, 13.000000, 0.000000, 1380803813460562, 03.10.2013 15:36:53
47.639026 -122.196887, 242.000000, 13.000000, 0.000000, 1380803813762065, 03.10.2013 15:36:53
47.638971 -122.197040, 242.000000, 13.000000, 0.000000, 1380803814063058, 03.10.2013 15:36:54
47.638961 -122.197212, 268.000000, 13.000000, 0.000000, 1380803814364310, 03.10.2013 15:36:54
47.638965 -122.197383, 287.000000, 13.000000, 0.000000, 1380803814665502, 03.10.2013 15:36:54
47.639000 -122.197549, 287.000000, 13.000000, 0.000000, 1380803814966847, 03.10.2013 15:36:54
47.639048 -122.197701, 317.000000, 13.000000, 0.000000, 1380803815268588, 03.10.2013 15:36:55
47.639134 -122.197820, 317.000000, 13.000000, 0.000000, 1380803815569953, 03.10.2013 15:36:55
47.639219 -122.197938, 317.000000, 13.000000, 0.000000, 1380803815871399, 03.10.2013 15:36:55
47.639323 -122.198016, 334.000000, 13.000000, 0.000000, 1380803816172553, 03.10.2013 15:36:56
47.639430 -122.198084, 2.000000, 13.000000, 0.000000, 1380803816474273, 03.10.2013 15:36:56
47.639547 -122.198078, 2.000000, 13.000000, 0.000000, 1380803816775669, 03.10.2013 15:36:56
47.639660 -122.198049, 24.000000, 13.000000, 0.000000, 1380803817077166, 03.10.2013 15:36:57
47.639767 -122.197978, 24.000000, 13.000000, 0.000000, 1380803817378552, 03.10.2013 15:36:57
47.639848 -122.197856, 48.000000, 13.000000, 0.000000, 1380803817680051, 03.10.2013 15:36:57
47.639926 -122.197727, 79.000000, 13.000000, 0.000000, 1380803817981790, 03.10.2013 15:36:57
47.639949 -122.197557, 79.000000, 13.000000, 0.000000, 1380803818282820, 03.10.2013 15:36:58
47.639956 -122.197386, 97.000000, 13.000000, 0.000000, 1380803818584409, 03.10.2013 15:36:58
47.639940 -122.197215, 119.000000, 13.000000, 0.000000, 1380803818885625, 03.10.2013 15:36:58
47.639883 -122.197063, 119.000000, 13.000000, 0.000000, 1380803819186145, 03.10.2013 15:36:59
47.639824 -122.196913, 122.000000, 13.000000, 0.000000, 1380803819487587, 03.10.2013 15:36:59
47.639757 -122.196772, 135.000000, 13.000000, 0.000000, 1380803819789330, 03.10.2013 15:36:59
47.639674 -122.196650, 140.000000, 13.000000, 0.000000, 1380803820090830, 03.10.2013 15:37:00
47.639584 -122.196538, 140.000000, 13.000000, 0.000000, 1380803820392206, 03.10.2013 15:37:00
47.639494 -122.196427, 140.000000, 13.000000, 0.000000, 1380803820693518, 03.10.2013 15:37:00
47.639405 -122.196315, 140.000000, 13.000000, 0.000000, 1380803820995472, 03.10.2013 15:37:00
47.639315 -122.196204, 140.000000, 13.000000, 0.000000, 1380803821296929, 03.10.2013 15:37:01
47.639232 -122.196084, 133.000000, 13.000000, 0.000000, 1380803821598702, 03.10.2013 15:37:01
47.639152 -122.195957, 133.000000, 13.000000, 0.000000, 1380803821900166, 03.10.2013 15:37:01
47.639071 -122.195832, 133.000000, 13.000000, 0.000000, 1380803822201371, 03.10.2013 15:37:02
47.638991 -122.195705, 133.000000, 13.000000, 0.000000, 1380803822503118, 03.10.2013 15:37:02
47.638911 -122.195578, 133.000000, 13.000000, 0.000000, 1380803822804579, 03.10.2013 15:37:02
47.638831 -122.195451, 133.000000, 13.000000, 0.000000, 1380803823106184, 03.10.2013 15:37:03
47.638744 -122.195338, 139.000000, 13.000000, 0.000000, 1380803823407585, 03.10.2013 15:37:03
47.638655 -122.195224, 139.000000, 13.000000, 0.000000, 1380803823729407, 03.10.2013 15:37:03
47.638567 -122.195110, 139.000000, 13.000000, 0.000000, 1380803824030654, 03.10.2013 15:37:04
47.638464 -122.194979, 139.000000, 13.000000, 0.000000, 1380803824332021, 03.10.2013 15:37:04
47.638362 -122.194847, 139.000000, 13.000000, 0.000000, 1380803824633399, 03.10.2013 15:37:04
47.638260 -122.194716, 139.000000, 13.000000, 0.000000, 1380803824934093, 03.10.2013 15:37:04
47.638162 -122.194581, 138.000000, 15.000000, 0.000000, 1380803825235809, 03.10.2013 15:37:05
47.638062 -122.194447, 138.000000, 15.000000, 0.000000, 1380803825537181, 03.10.2013 15:37:05
47.637961 -122.194313, 138.000000, 15.000000, 0.000000, 1380803825838562, 03.10.2013 15:37:05
47.637861 -122.194179, 138.000000, 15.000000, 0.000000, 1380803826139581, 03.10.2013 15:37:06
47.637760 -122.194045, 138.000000, 15.000000, 0.000000, 1380803826440108, 03.10.2013 15:37:06
47.637660 -122.193911, 138.000000, 15.000000, 0.000000, 1380803826741274, 03.10.2013 15:37:06
47.637559 -122.193777, 138.000000, 15.000000, 0.000000, 1380803827042699, 03.10.2013 15:37:07
47.637457 -122.193650, 139.000000, 15.000000, 0.000000, 1380803827343352, 03.10.2013 15:37:07
47.637355 -122.193519, 139.000000, 15.000000, 0.000000, 1380803827644821, 03.10.2013 15:37:07
47.637252 -122.193388, 139.000000, 15.000000, 0.000000, 1380803827946190, 03.10.2013 15:37:07
47.637150 -122.193256, 139.000000, 15.000000, 0.000000, 1380803828247644, 03.10.2013 15:37:08
47.637048 -122.193125, 139.000000, 15.000000, 0.000000, 1380803828548690, 03.10.2013 15:37:08
47.636944 -122.193001, 148.000000, 15.000000, 0.000000, 1380803828849210, 03.10.2013 15:37:08
47.636829 -122.192895, 148.000000, 15.000000, 0.000000, 1380803829150593, 03.10.2013 15:37:09
47.636715 -122.192789, 148.000000, 15.000000, 0.000000, 1380803829451917, 03.10.2013 15:37:09
47.636600 -122.192683, 148.000000, 15.000000, 0.000000, 1380803829752715, 03.10.2013 15:37:09
47.636485 -122.192577, 148.000000, 15.000000, 0.000000, 1380803830053144, 03.10.2013 15:37:10
47.636368 -122.192482, 153.000000, 15.000000, 0.000000, 1380803830354633, 03.10.2013 15:37:10
47.636247 -122.192391, 153.000000, 15.000000, 0.000000, 1380803830655857, 03.10.2013 15:37:10
47.636126 -122.192300, 153.000000, 15.000000, 0.000000, 1380803830977842, 03.10.2013 15:37:10
47.636006 -122.192209, 153.000000, 15.000000, 0.000000, 1380803831278990, 03.10.2013 15:37:11
47.635885 -122.192118, 153.000000, 15.000000, 0.000000, 1380803831579554, 03.10.2013 15:37:11
47.635765 -122.192028, 153.000000, 15.000000, 0.000000, 1380803831881058, 03.10.2013 15:37:11
47.635644 -122.191937, 153.000000, 15.000000, 0.000000, 1380803832182423, 03.10.2013 15:37:12
47.635524 -122.191846, 153.000000, 15.000000, 0.000000, 1380803832482977, 03.10.2013 15:37:12
47.635403 -122.191755, 153.000000, 15.000000, 0.000000, 1380803832783569, 03.10.2013 15:37:12
47.635283 -122.191664, 153.000000, 15.000000, 0.000000, 1380803833084355, 03.10.2013 15:37:13
47.635162 -122.191584, 155.000000, 15.000000, 0.000000, 1380803833385712, 03.10.2013 15:37:13
47.635040 -122.191499, 155.000000, 15.000000, 0.000000, 1380803833687237, 03.10.2013 15:37:13
47.634917 -122.191414, 155.000000, 15.000000, 0.000000, 1380803833988641, 03.10.2013 15:37:13
47.634795 -122.191329, 155.000000, 15.000000, 0.000000, 1380803834290145, 03.10.2013 15:37:14
47.634672 -122.191245, 155.000000, 15.000000, 0.000000, 1380803834591509, 03.10.2013 15:37:14
47.634549 -122.191160, 155.000000, 15.000000, 0.000000, 1380803834892793, 03.10.2013 15:37:14
47.634427 -122.191075, 155.000000, 15.000000, 0.000000, 1380803835193697, 03.10.2013 15:37:15
47.634311 -122.190980, 152.000000, 15.000000, 0.000000, 1380803835495433, 03.10.2013 15:37:15
47.634191 -122.190886, 152.000000, 15.000000, 0.000000, 1380803835795927, 03.10.2013 15:37:15
47.634072 -122.190792, 152.000000, 15.000000, 0.000000, 1380803836097292, 03.10.2013 15:37:16
47.633952 -122.190698, 152.000000, 15.000000, 0.000000, 1380803836398082, 03.10.2013 15:37:16
47.633833 -122.190604, 152.000000, 15.000000, 0.000000, 1380803836698592, 03.10.2013 15:37:16
47.633713 -122.190510, 152.000000, 15.000000, 0.000000, 1380803836999971, 03.10.2013 15:37:16
47.633605 -122.190396, 142.000000, 15.000000, 0.000000, 1380803837301080, 03.10.2013 15:37:17
47.633499 -122.190273, 142.000000, 15.000000, 0.000000, 1380803837601660, 03.10.2013 15:37:17
47.633392 -122.190150, 142.000000, 15.000000, 0.000000, 1380803837903101, 03.10.2013 15:37:17
47.633288 -122.190025, 135.000000, 15.000000, 0.000000, 1380803838230838, 03.10.2013 15:37:18
47.633192 -122.189883, 135.000000, 15.000000, 0.000000, 1380803838532206, 03.10.2013 15:37:18
47.633096 -122.189742, 135.000000, 15.000000, 0.000000, 1380803838833591, 03.10.2013 15:37:18
47.633001 -122.189600, 135.000000, 15.000000, 0.000000, 1380803839134967, 03.10.2013 15:37:19
47.632905 -122.189459, 135.000000, 15.000000, 0.000000, 1380803839435934, 03.10.2013 15:37:19
47.632820 -122.189305, 128.000000, 15.000000, 0.000000, 1380803839737465, 03.10.2013 15:37:19
47.632737 -122.189147, 128.000000, 15.000000, 0.000000, 1380803840038933, 03.10.2013 15:37:20
47.632654 -122.188989, 128.000000, 15.000000, 0.000000, 1380803840339747, 03.10.2013 15:37:20
47.632572 -122.188831, 127.000000, 15.000000, 0.000000, 1380803840640987, 03.10.2013 15:37:20
47.632491 -122.188671, 127.000000, 15.000000, 0.000000, 1380803840942162, 03.10.2013 15:37:20
47.632409 -122.188511, 127.000000, 15.000000, 0.000000, 1380803841243035, 03.10.2013 15:37:21
47.632334 -122.188346, 113.000000, 15.000000, 0.000000, 1380803841544038, 03.10.2013 15:37:21
47.632281 -122.188162, 113.000000, 15.000000, 0.000000, 1380803841845218, 03.10.2013 15:37:21
47.632228 -122.187978, 113.000000, 15.000000, 0.000000, 1380803842145809, 03.10.2013 15:37:22
47.632175 -122.187794, 113.000000, 15.000000, 0.000000, 1380803842447176, 03.10.2013 15:37:22
47.632122 -122.187610, 113.000000, 15.000000, 0.000000, 1380803842748538, 03.10.2013 15:37:22
47.632070 -122.187425, 113.000000, 15.000000, 0.000000, 1380803843049171, 03.10.2013 15:37:23
47.632017 -122.187241, 113.000000, 15.000000, 0.000000, 1380803843350226, 03.10.2013 15:37:23
47.631994 -122.187043, 101.000000, 15.000000, 0.000000, 1380803843651427, 03.10.2013 15:37:23
47.631968 -122.186847, 101.000000, 15.000000, 0.000000, 1380803843952159, 03.10.2013 15:37:23
47.631942 -122.186650, 101.000000, 15.000000, 0.000000, 1380803844253685, 03.10.2013 15:37:24
47.631916 -122.186454, 101.000000, 15.000000, 0.000000, 1380803844554844, 03.10.2013 15:37:24
47.631891 -122.186257, 101.000000, 15.000000, 0.000000, 1380803844856148, 03.10.2013 15:37:24
47.631884 -122.186058, 91.000000, 15.000000, 0.000000, 1380803845157460, 03.10.2013 15:37:25
47.631882 -122.185858, 91.000000, 15.000000, 0.000000, 1380803845458832, 03.10.2013 15:37:25
47.631880 -122.185658, 91.000000, 15.000000, 0.000000, 1380803845784177, 03.10.2013 15:37:25
47.631877 -122.185458, 91.000000, 15.000000, 0.000000, 1380803846085463, 03.10.2013 15:37:26
47.631875 -122.185258, 91.000000, 15.000000, 0.000000, 1380803846385844, 03.10.2013 15:37:26
47.631872 -122.185058, 91.000000, 15.000000, 0.000000, 1380803846687640, 03.10.2013 15:37:26
47.631878 -122.184858, 87.000000, 15.000000, 0.000000, 1380803846989035, 03.10.2013 15:37:26
47.631885 -122.184658, 87.000000, 15.000000, 0.000000, 1380803847290679, 03.10.2013 15:37:27
47.631892 -122.184458, 87.000000, 15.000000, 0.000000, 1380803847592203, 03.10.2013 15:37:27
47.631899 -122.184258, 87.000000, 15.000000, 0.000000, 1380803847893524, 03.10.2013 15:37:27
47.631906 -122.184058, 87.000000, 15.000000, 0.000000, 1380803848194188, 03.10.2013 15:37:28
47.631913 -122.183859, 87.000000, 15.000000, 0.000000, 1380803848495595, 03.10.2013 15:37:28
47.631918 -122.183658, 87.000000, 15.000000, 0.000000, 1380803848797029, 03.10.2013 15:37:28
47.631925 -122.183459, 87.000000, 15.000000, 0.000000, 1380803849098398, 03.10.2013 15:37:29
47.631932 -122.183259, 87.000000, 15.000000, 0.000000, 1380803849399737, 03.10.2013 15:37:29
47.631939 -122.183059, 87.000000, 15.000000, 0.000000, 1380803849700777, 03.10.2013 15:37:29
47.631941 -122.182859, 88.000000, 15.000000, 0.000000, 1380803850001454, 03.10.2013 15:37:30
47.631945 -122.182659, 90.000000, 15.000000, 0.000000, 1380803850302782, 03.10.2013 15:37:30
47.631944 -122.182459, 90.000000, 15.000000, 0.000000, 1380803850604200, 03.10.2013 15:37:30
47.631944 -122.182258, 90.000000, 15.000000, 0.000000, 1380803850905572, 03.10.2013 15:37:30
47.631944 -122.182058, 90.000000, 15.000000, 0.000000, 1380803851206946, 03.10.2013 15:37:31
47.631944 -122.181858, 90.000000, 15.000000, 0.000000, 1380803851508293, 03.10.2013 15:37:31
47.631944 -122.181658, 96.000000, 15.000000, 0.000000, 1380803851809715, 03.10.2013 15:37:31
47.631930 -122.181459, 96.000000, 15.000000, 0.000000, 1380803852111099, 03.10.2013 15:37:32
47.631916 -122.181260, 96.000000, 15.000000, 0.000000, 1380803852411790, 03.10.2013 15:37:32
47.631902 -122.181061, 96.000000, 15.000000, 0.000000, 1380803852713290, 03.10.2013 15:37:32
47.631888 -122.180862, 96.000000, 15.000000, 0.000000, 1380803853039016, 03.10.2013 15:37:33
47.631873 -122.180663, 96.000000, 15.000000, 0.000000, 1380803853339790, 03.10.2013 15:37:33
47.631846 -122.180467, 102.000000, 15.000000, 0.000000, 1380803853641271, 03.10.2013 15:37:33
47.631818 -122.180271, 102.000000, 15.000000, 0.000000, 1380803853942626, 03.10.2013 15:37:33
47.631790 -122.180076, 102.000000, 15.000000, 0.000000, 1380803854244196, 03.10.2013 15:37:34
47.631761 -122.179880, 102.000000, 15.000000, 0.000000, 1380803854545487, 03.10.2013 15:37:34
47.631730 -122.179686, 105.000000, 15.000000, 0.000000, 1380803854846903, 03.10.2013 15:37:34
47.631694 -122.179492, 105.000000, 15.000000, 0.000000, 1380803855148435, 03.10.2013 15:37:35
47.631659 -122.179299, 105.000000, 15.000000, 0.000000, 1380803855449734, 03.10.2013 15:37:35
47.631625 -122.179105, 106.000000, 15.000000, 0.000000, 1380803855751031, 03.10.2013 15:37:35
47.631588 -122.178913, 106.000000, 15.000000, 0.000000, 1380803856051888, 03.10.2013 15:37:36
47.631551 -122.178721, 106.000000, 15.000000, 0.000000, 1380803856353407, 03.10.2013 15:37:36
47.631514 -122.178528, 112.000000, 15.000000, 0.000000, 1380803856653773, 03.10.2013 15:37:36
47.631463 -122.178343, 112.000000, 15.000000, 0.000000, 1380803856954491, 03.10.2013 15:37:36
47.631413 -122.178157, 112.000000, 15.000000, 0.000000, 1380803857255870, 03.10.2013 15:37:37
47.631362 -122.177972, 112.000000, 15.000000, 0.000000, 1380803857557170, 03.10.2013 15:37:37
47.631311 -122.177786, 112.000000, 15.000000, 0.000000, 1380803857858660, 03.10.2013 15:37:37
47.631261 -122.177601, 112.000000, 15.000000, 0.000000, 1380803858159949, 03.10.2013 15:37:38
47.631210 -122.177415, 112.000000, 15.000000, 0.000000, 1380803858460457, 03.10.2013 15:37:38
47.631158 -122.177231, 113.000000, 15.000000, 0.000000, 1380803858761608, 03.10.2013 15:37:38
47.631106 -122.177047, 113.000000, 15.000000, 0.000000, 1380803859063140, 03.10.2013 15:37:39
47.631053 -122.176862, 113.000000, 15.000000, 0.000000, 1380803859364402, 03.10.2013 15:37:39
47.631000 -122.176678, 113.000000, 15.000000, 0.000000, 1380803859665747, 03.10.2013 15:37:39
47.630947 -122.176494, 113.000000, 15.000000, 0.000000, 1380803859967285, 03.10.2013 15:37:39
47.630894 -122.176310, 113.000000, 15.000000, 0.000000, 1380803860293092, 03.10.2013 15:37:40
47.630841 -122.176125, 113.000000, 15.000000, 0.000000, 1380803860594449, 03.10.2013 15:37:40
47.630788 -122.175941, 113.000000, 15.000000, 0.000000, 1380803860895779, 03.10.2013 15:37:40
47.630735 -122.175757, 113.000000, 15.000000, 0.000000, 1380803861197228, 03.10.2013 15:37:41
47.630677 -122.175577, 113.000000, 15.000000, 0.000000, 1380803861498379, 03.10.2013 15:37:41
47.630624 -122.175393, 113.000000, 15.000000, 0.000000, 1380803861798996, 03.10.2013 15:37:41
47.630571 -122.175209, 113.000000, 15.000000, 0.000000, 1380803862100516, 03.10.2013 15:37:42
47.630518 -122.175025, 113.000000, 15.000000, 0.000000, 1380803862401800, 03.10.2013 15:37:42
47.630464 -122.174842, 113.000000, 15.000000, 0.000000, 1380803862703091, 03.10.2013 15:37:42
47.630411 -122.174658, 113.000000, 15.000000, 0.000000, 1380803863003920, 03.10.2013 15:37:43
47.630356 -122.174475, 113.000000, 15.000000, 0.000000, 1380803863304774, 03.10.2013 15:37:43
47.630303 -122.174291, 113.000000, 15.000000, 0.000000, 1380803863606152, 03.10.2013 15:37:43
47.630251 -122.174107, 113.000000, 15.000000, 0.000000, 1380803863906939, 03.10.2013 15:37:43
47.630198 -122.173922, 113.000000, 15.000000, 0.000000, 1380803864207754, 03.10.2013 15:37:44
47.630146 -122.173738, 114.000000, 15.000000, 0.000000, 1380803864509298, 03.10.2013 15:37:44
47.630091 -122.173555, 114.000000, 15.000000, 0.000000, 1380803864810305, 03.10.2013 15:37:44
47.630036 -122.173372, 114.000000, 15.000000, 0.000000, 1380803865111510, 03.10.2013 15:37:45
47.629989 -122.173185, 109.000000, 15.000000, 0.000000, 1380803865412858, 03.10.2013 15:37:45
47.629945 -122.172996, 109.000000, 15.000000, 0.000000, 1380803865714327, 03.10.2013 15:37:45
47.629901 -122.172806, 109.000000, 15.000000, 0.000000, 1380803866015774, 03.10.2013 15:37:46
47.629859 -122.172617, 108.000000, 15.000000, 0.000000, 1380803866317065, 03.10.2013 15:37:46
47.629817 -122.172426, 108.000000, 15.000000, 0.000000, 1380803866618339, 03.10.2013 15:37:46
47.629775 -122.172236, 108.000000, 15.000000, 0.000000, 1380803866919303, 03.10.2013 15:37:46
47.629740 -122.172043, 100.000000, 15.000000, 0.000000, 1380803867220614, 03.10.2013 15:37:47
47.629716 -122.171846, 100.000000, 15.000000, 0.000000, 1380803867546303, 03.10.2013 15:37:47
47.629693 -122.171649, 100.000000, 15.000000, 0.000000, 1380803867847679, 03.10.2013 15:37:47
47.629669 -122.171452, 100.000000, 15.000000, 0.000000, 1380803868148924, 03.10.2013 15:37:48
47.629657 -122.171253, 95.000000, 15.000000, 0.000000, 1380803868450230, 03.10.2013 15:37:48
47.629645 -122.171054, 95.000000, 15.000000, 0.000000, 1380803868751628, 03.10.2013 15:37:48
47.629633 -122.170854, 95.000000, 15.000000, 0.000000, 1380803869052635, 03.10.2013 15:37:49
47.629632 -122.170654, 89.000000, 15.000000, 0.000000, 1380803869353179, 03.10.2013 15:37:49
47.629634 -122.170454, 89.000000, 15.000000, 0.000000, 1380803869654507, 03.10.2013 15:37:49
47.629637 -122.170254, 89.000000, 15.000000, 0.000000, 1380803869955874, 03.10.2013 15:37:49
47.629650 -122.170055, 84.000000, 15.000000, 0.000000, 1380803870257249, 03.10.2013 15:37:50
47.629664 -122.169856, 84.000000, 15.000000, 0.000000, 1380803870558534, 03.10.2013 15:37:50
47.629678 -122.169657, 84.000000, 15.000000, 0.000000, 1380803870859865, 03.10.2013 15:37:50
47.629692 -122.169458, 84.000000, 15.000000, 0.000000, 1380803871161192, 03.10.2013 15:37:51
47.629706 -122.169259, 84.000000, 15.000000, 0.000000, 1380803871462557, 03.10.2013 15:37:51
47.629718 -122.169059, 83.000000, 15.000000, 0.000000, 1380803871763876, 03.10.2013 15:37:51
47.629734 -122.168860, 83.000000, 15.000000, 0.000000, 1380803872065049, 03.10.2013 15:37:52
47.629751 -122.168662, 83.000000, 15.000000, 0.000000, 1380803872365488, 03.10.2013 15:37:52
47.629767 -122.168463, 83.000000, 15.000000, 0.000000, 1380803872666118, 03.10.2013 15:37:52
47.629784 -122.168265, 83.000000, 15.000000, 0.000000, 1380803872967481, 03.10.2013 15:37:52
47.629800 -122.168066, 83.000000, 15.000000, 0.000000, 1380803873268831, 03.10.2013 15:37:53
47.629816 -122.167867, 83.000000, 15.000000, 0.000000, 1380803873570419, 03.10.2013 15:37:53
47.629833 -122.167669, 83.000000, 15.000000, 0.000000, 1380803873871442, 03.10.2013 15:37:53
47.629849 -122.167470, 83.000000, 15.000000, 0.000000, 1380803874172833, 03.10.2013 15:37:54
47.629869 -122.167272, 84.000000, 15.000000, 0.000000, 1380803874474157, 03.10.2013 15:37:54
47.629883 -122.167073, 84.000000, 15.000000, 0.000000, 1380803874800598, 03.10.2013 15:37:54
47.629897 -122.166874, 84.000000, 15.000000, 0.000000, 1380803875101994, 03.10.2013 15:37:55
47.629911 -122.166675, 84.000000, 15.000000, 0.000000, 1380803875403017, 03.10.2013 15:37:55
47.629927 -122.166476, 84.000000, 15.000000, 0.000000, 1380803875704001, 03.10.2013 15:37:55
47.629941 -122.166277, 84.000000, 15.000000, 0.000000, 1380803876004700, 03.10.2013 15:37:56
47.629955 -122.166078, 84.000000, 15.000000, 0.000000, 1380803876305983, 03.10.2013 15:37:56
47.629969 -122.165879, 84.000000, 15.000000, 0.000000, 1380803876607324, 03.10.2013 15:37:56
47.629983 -122.165680, 84.000000, 15.000000, 0.000000, 1380803876908717, 03.10.2013 15:37:56
47.629997 -122.165481, 84.000000, 15.000000, 0.000000, 1380803877210028, 03.10.2013 15:37:57
47.630011 -122.165282, 84.000000, 15.000000, 0.000000, 1380803877511294, 03.10.2013 15:37:57
47.630025 -122.165083, 84.000000, 15.000000, 0.000000, 1380803877812641, 03.10.2013 15:37:57
47.630040 -122.164884, 84.000000, 15.000000, 0.000000, 1380803878114024, 03.10.2013 15:37:58
47.630044 -122.164684, 89.000000, 15.000000, 0.000000, 1380803878415336, 03.10.2013 15:37:58
47.630046 -122.164484, 89.000000, 15.000000, 0.000000, 1380803878716502, 03.10.2013 15:37:58
47.630049 -122.164284, 89.000000, 15.000000, 0.000000, 1380803879017822, 03.10.2013 15:37:59
47.630047 -122.164084, 94.000000, 15.000000, 0.000000, 1380803879319174, 03.10.2013 15:37:59
47.630038 -122.163884, 94.000000, 15.000000, 0.000000, 1380803879620433, 03.10.2013 15:37:59
47.630028 -122.163684, 94.000000, 15.000000, 0.000000, 1380803879921337, 03.10.2013 15:37:59
47.630019 -122.163485, 94.000000, 15.000000, 0.000000, 1380803880222712, 03.10.2013 15:38:00
47.630009 -122.163285, 94.000000, 15.000000, 0.000000, 1380803880524058, 03.10.2013 15:38:00
47.629998 -122.163086, 99.000000, 15.000000, 0.000000, 1380803880825494, 03.10.2013 15:38:00
47.629976 -122.162888, 99.000000, 15.000000, 0.000000, 1380803881126225, 03.10.2013 15:38:01
47.629955 -122.162691, 99.000000, 15.000000, 0.000000, 1380803881427575, 03.10.2013 15:38:01
47.629934 -122.162493, 99.000000, 15.000000, 0.000000, 1380803881729181, 03.10.2013 15:38:01
47.629913 -122.162295, 99.000000, 15.000000, 0.000000, 1380803882055825, 03.10.2013 15:38:02
47.629891 -122.162098, 99.000000, 15.000000, 0.000000, 1380803882356572, 03.10.2013 15:38:02
47.629870 -122.161900, 99.000000, 15.000000, 0.000000, 1380803882656957, 03.10.2013 15:38:02
47.629849 -122.161703, 99.000000, 15.000000, 0.000000, 1380803882958274, 03.10.2013 15:38:02
47.629828 -122.161505, 99.000000, 15.000000, 0.000000, 1380803883259635, 03.10.2013 15:38:03
47.629807 -122.161307, 99.000000, 15.000000, 0.000000, 1380803883560188, 03.10.2013 15:38:03
47.629785 -122.161110, 99.000000, 15.000000, 0.000000, 1380803883861560, 03.10.2013 15:38:03
47.629764 -122.160912, 99.000000, 15.000000, 0.000000, 1380803884162474, 03.10.2013 15:38:04
47.629743 -122.160714, 99.000000, 15.000000, 0.000000, 1380803884463163, 03.10.2013 15:38:04
47.629722 -122.160517, 99.000000, 15.000000, 0.000000, 1380803884764593, 03.10.2013 15:38:04
47.629701 -122.160319, 99.000000, 15.000000, 0.000000, 1380803885065845, 03.10.2013 15:38:05
47.629679 -122.160121, 99.000000, 15.000000, 0.000000, 1380803885367148, 03.10.2013 15:38:05
47.629658 -122.159924, 99.000000, 15.000000, 0.000000, 1380803885668268, 03.10.2013 15:38:05
47.629637 -122.159726, 99.000000, 15.000000, 0.000000, 1380803885969630, 03.10.2013 15:38:05
47.629616 -122.159528, 99.000000, 15.000000, 0.000000, 1380803886271140, 03.10.2013 15:38:06
47.629594 -122.159331, 99.000000, 15.000000, 0.000000, 1380803886572457, 03.10.2013 15:38:06
47.629573 -122.159133, 99.000000, 15.000000, 0.000000, 1380803886873822, 03.10.2013 15:38:06
47.629552 -122.158935, 99.000000, 15.000000, 0.000000, 1380803887175243, 03.10.2013 15:38:07
47.629531 -122.158738, 99.000000, 15.000000, 0.000000, 1380803887476464, 03.10.2013 15:38:07
47.629510 -122.158540, 99.000000, 15.000000, 0.000000, 1380803887777780, 03.10.2013 15:38:07
47.629488 -122.158342, 99.000000, 15.000000, 0.000000, 1380803888079197, 03.10.2013 15:38:08
47.629467 -122.158145, 99.000000, 15.000000, 0.000000, 1380803888380081, 03.10.2013 15:38:08
47.629446 -122.157947, 99.000000, 15.000000, 0.000000, 1380803888681397, 03.10.2013 15:38:08
47.629425 -122.157749, 99.000000, 15.000000, 0.000000, 1380803888982696, 03.10.2013 15:38:08
47.629403 -122.157552, 99.000000, 15.000000, 0.000000, 1380803889307116, 03.10.2013 15:38:09
47.629397 -122.157352, 92.000000, 15.000000, 0.000000, 1380803889608731, 03.10.2013 15:38:09
47.629392 -122.157152, 92.000000, 15.000000, 0.000000, 1380803889910087, 03.10.2013 15:38:09
47.629387 -122.156952, 92.000000, 15.000000, 0.000000, 1380803890211508, 03.10.2013 15:38:10
47.629382 -122.156752, 92.000000, 15.000000, 0.000000, 1380803890512941, 03.10.2013 15:38:10
47.629377 -122.156553, 92.000000, 15.000000, 0.000000, 1380803890813519, 03.10.2013 15:38:10
47.629373 -122.156353, 92.000000, 15.000000, 0.000000, 1380803891114897, 03.10.2013 15:38:11
47.629371 -122.156152, 87.000000, 15.000000, 0.000000, 1380803891415692, 03.10.2013 15:38:11
47.629378 -122.155952, 87.000000, 15.000000, 0.000000, 1380803891716398, 03.10.2013 15:38:11
47.629385 -122.155753, 87.000000, 15.000000, 0.000000, 1380803892017807, 03.10.2013 15:38:12
47.629393 -122.155526, 87.000000, 15.000000, 0.000000, 1380803892318994, 03.10.2013 15:38:12
47.629401 -122.155300, 87.000000, 15.000000, 0.000000, 1380803892620411, 03.10.2013 15:38:12
47.629418 -122.155074, 80.000000, 17.000000, 0.000000, 1380803892921709, 03.10.2013 15:38:12
47.629444 -122.154851, 80.000000, 17.000000, 0.000000, 1380803893223197, 03.10.2013 15:38:13
47.629471 -122.154627, 80.000000, 17.000000, 0.000000, 1380803893524311, 03.10.2013 15:38:13
47.629497 -122.154404, 80.000000, 17.000000, 0.000000, 1380803893825720, 03.10.2013 15:38:13
47.629524 -122.154181, 80.000000, 17.000000, 0.000000, 1380803894126949, 03.10.2013 15:38:14
47.629550 -122.153957, 78.000000, 17.000000, 0.000000, 1380803894428428, 03.10.2013 15:38:14
47.629582 -122.153736, 78.000000, 17.000000, 0.000000, 1380803894729601, 03.10.2013 15:38:14
47.629614 -122.153514, 78.000000, 17.000000, 0.000000, 1380803895030598, 03.10.2013 15:38:15
47.629644 -122.153291, 76.000000, 17.000000, 0.000000, 1380803895331982, 03.10.2013 15:38:15
47.629681 -122.153071, 76.000000, 17.000000, 0.000000, 1380803895633379, 03.10.2013 15:38:15
47.629718 -122.152851, 76.000000, 17.000000, 0.000000, 1380803895957336, 03.10.2013 15:38:15
47.629755 -122.152631, 76.000000, 17.000000, 0.000000, 1380803896258202, 03.10.2013 15:38:16
47.629798 -122.152414, 71.000000, 17.000000, 0.000000, 1380803896558899, 03.10.2013 15:38:16
47.629848 -122.152199, 71.000000, 17.000000, 0.000000, 1380803896860289, 03.10.2013 15:38:16
47.629897 -122.151985, 71.000000, 17.000000, 0.000000, 1380803897161641, 03.10.2013 15:38:17
47.629947 -122.151771, 71.000000, 17.000000, 0.000000, 1380803897462611, 03.10.2013 15:38:17
47.630006 -122.151561, 65.000000, 17.000000, 0.000000, 1380803897764105, 03.10.2013 15:38:17
47.630071 -122.151356, 65.000000, 17.000000, 0.000000, 1380803898065517, 03.10.2013 15:38:18
47.630136 -122.151150, 65.000000, 17.000000, 0.000000, 1380803898366910, 03.10.2013 15:38:18
47.630200 -122.150945, 65.000000, 17.000000, 0.000000, 1380803898668355, 03.10.2013 15:38:18
47.630264 -122.150739, 63.000000, 17.000000, 0.000000, 1380803898969540, 03.10.2013 15:38:18
47.630334 -122.150537, 63.000000, 17.000000, 0.000000, 1380803899271088, 03.10.2013 15:38:19
47.630403 -122.150335, 63.000000, 17.000000, 0.000000, 1380803899572150, 03.10.2013 15:38:19
47.630471 -122.150131, 59.000000, 17.000000, 0.000000, 1380803899873566, 03.10.2013 15:38:19
47.630549 -122.149937, 59.000000, 17.000000, 0.000000, 1380803900174889, 03.10.2013 15:38:20
47.630628 -122.149743, 59.000000, 17.000000, 0.000000, 1380803900476375, 03.10.2013 15:38:20
47.630707 -122.149548, 59.000000, 17.000000, 0.000000, 1380803900777477, 03.10.2013 15:38:20
47.630782 -122.149351, 50.000000, 17.000000, 0.000000, 1380803901078899, 03.10.2013 15:38:21
47.630881 -122.149177, 50.000000, 17.000000, 0.000000, 1380803901380128, 03.10.2013 15:38:21
47.630979 -122.149004, 50.000000, 17.000000, 0.000000, 1380803906011016, 03.10.2013 15:38:26
47.631077 -122.148830, 50.000000, 17.000000, 0.000000, 1380803906311782, 03.10.2013 15:38:26
47.631176 -122.148656, 50.000000, 17.000000, 0.000000, 1380803906631742, 03.10.2013 15:38:26
47.631272 -122.148481, 50.000000, 17.000000, 0.000000, 1380803906933266, 03.10.2013 15:38:26
47.631371 -122.148307, 50.000000, 17.000000, 0.000000, 1380803907234478, 03.10.2013 15:38:27
47.631469 -122.148133, 50.000000, 17.000000, 0.000000, 1380803907535115, 03.10.2013 15:38:27
47.631567 -122.147960, 50.000000, 17.000000, 0.000000, 1380803907836794, 03.10.2013 15:38:27
47.631666 -122.147786, 50.000000, 17.000000, 0.000000, 1380803908138327, 03.10.2013 15:38:28
47.631764 -122.147612, 50.000000, 17.000000, 0.000000, 1380803908439711, 03.10.2013 15:38:28
47.631860 -122.147436, 50.000000, 17.000000, 0.000000, 1380803908741255, 03.10.2013 15:38:28
47.631959 -122.147263, 50.000000, 17.000000, 0.000000, 1380803909042927, 03.10.2013 15:38:29
47.632057 -122.147089, 50.000000, 17.000000, 0.000000, 1380803909344422, 03.10.2013 15:38:29
47.632156 -122.146915, 50.000000, 17.000000, 0.000000, 1380803909646065, 03.10.2013 15:38:29
47.632254 -122.146741, 50.000000, 17.000000, 0.000000, 1380803909946655, 03.10.2013 15:38:29
47.632352 -122.146568, 50.000000, 17.000000, 0.000000, 1380803910248534, 03.10.2013 15:38:30
47.632451 -122.146394, 50.000000, 17.000000, 0.000000, 1380803910549570, 03.10.2013 15:38:30
47.632549 -122.146220, 50.000000, 17.000000, 0.000000, 1380803910850366, 03.10.2013 15:38:30
47.632648 -122.146046, 50.000000, 17.000000, 0.000000, 1380803911151946, 03.10.2013 15:38:31
47.632746 -122.145873, 50.000000, 17.000000, 0.000000, 1380803911453529, 03.10.2013 15:38:31
47.632845 -122.145699, 50.000000, 17.000000, 0.000000, 1380803911754503, 03.10.2013 15:38:31
47.632943 -122.145525, 50.000000, 17.000000, 0.000000, 1380803912056024, 03.10.2013 15:38:32
47.633041 -122.145351, 50.000000, 17.000000, 0.000000, 1380803912357758, 03.10.2013 15:38:32
47.633140 -122.145178, 50.000000, 17.000000, 0.000000, 1380803912659348, 03.10.2013 15:38:32
47.633238 -122.145004, 50.000000, 17.000000, 0.000000, 1380803912991650, 03.10.2013 15:38:32
47.633337 -122.144830, 50.000000, 17.000000, 0.000000, 1380803913293052, 03.10.2013 15:38:33
47.633435 -122.144656, 50.000000, 17.000000, 0.000000, 1380803913594789, 03.10.2013 15:38:33
47.633536 -122.144490, 50.000000, 17.000000, 0.000000, 1380803913896416, 03.10.2013 15:38:33
47.633634 -122.144316, 50.000000, 17.000000, 0.000000, 1380803914197057, 03.10.2013 15:38:34
47.633733 -122.144142, 50.000000, 17.000000, 0.000000, 1380803914498707, 03.10.2013 15:38:34
47.633831 -122.143968, 50.000000, 17.000000, 0.000000, 1380803914800389, 03.10.2013 15:38:34
47.633930 -122.143794, 50.000000, 17.000000, 0.000000, 1380803915101883, 03.10.2013 15:38:35
47.634028 -122.143621, 50.000000, 17.000000, 0.000000, 1380803915403498, 03.10.2013 15:38:35
47.634127 -122.143447, 50.000000, 17.000000, 0.000000, 1380803915705148, 03.10.2013 15:38:35
47.634225 -122.143273, 50.000000, 17.000000, 0.000000, 1380803916006725, 03.10.2013 15:38:36
47.634323 -122.143099, 50.000000, 17.000000, 0.000000, 1380803916308233, 03.10.2013 15:38:36
47.634422 -122.142926, 50.000000, 17.000000, 0.000000, 1380803916609279, 03.10.2013 15:38:36
47.634520 -122.142752, 50.000000, 17.000000, 0.000000, 1380803916911017, 03.10.2013 15:38:36
47.634619 -122.142578, 50.000000, 17.000000, 0.000000, 1380803917212490, 03.10.2013 15:38:37
47.634717 -122.142404, 50.000000, 17.000000, 0.000000, 1380803917513862, 03.10.2013 15:38:37
47.634816 -122.142231, 50.000000, 17.000000, 0.000000, 1380803917815464, 03.10.2013 15:38:37
47.634914 -122.142057, 50.000000, 17.000000, 0.000000, 1380803918116831, 03.10.2013 15:38:38
47.635012 -122.141883, 50.000000, 17.000000, 0.000000, 1380803918418384, 03.10.2013 15:38:38
47.635111 -122.141709, 50.000000, 17.000000, 0.000000, 1380803918719847, 03.10.2013 15:38:38
47.635209 -122.141535, 50.000000, 17.000000, 0.000000, 1380803919021110, 03.10.2013 15:38:39
47.635308 -122.141362, 50.000000, 17.000000, 0.000000, 1380803919341390, 03.10.2013 15:38:39
47.635406 -122.141188, 50.000000, 17.000000, 0.000000, 1380803919642168, 03.10.2013 15:38:39
47.635505 -122.141014, 50.000000, 17.000000, 0.000000, 1380803919944384, 03.10.2013 15:38:39
47.635603 -122.140840, 50.000000, 17.000000, 0.000000, 1380803920246093, 03.10.2013 15:38:40
47.635701 -122.140667, 50.000000, 17.000000, 0.000000, 1380803920547636, 03.10.2013 15:38:40
47.635800 -122.140493, 50.000000, 17.000000, 0.000000, 1380803920849264, 03.10.2013 15:38:40
47.635898 -122.140319, 50.000000, 17.000000, 0.000000, 1380803921150714, 03.10.2013 15:38:41
47.635997 -122.140145, 50.000000, 17.000000, 0.000000, 1380803921452299, 03.10.2013 15:38:41
47.636095 -122.139971, 50.000000, 17.000000, 0.000000, 1380803921753896, 03.10.2013 15:38:41
47.636194 -122.139798, 50.000000, 17.000000, 0.000000, 1380803922055385, 03.10.2013 15:38:42
47.636304 -122.139603, 50.000000, 17.000000, 0.000000, 1380803922355994, 03.10.2013 15:38:42
47.636414 -122.139409, 50.000000, 17.000000, 0.000000, 1380803922656986, 03.10.2013 15:38:42
47.636524 -122.139215, 50.000000, 17.000000, 0.000000, 1380803922958348, 03.10.2013 15:38:42
47.636634 -122.139021, 50.000000, 17.000000, 0.000000, 1380803923260539, 03.10.2013 15:38:43
47.636744 -122.138827, 50.000000, 17.000000, 0.000000, 1380803923562681, 03.10.2013 15:38:43
47.636854 -122.138632, 50.000000, 17.000000, 0.000000, 1380803923864263, 03.10.2013 15:38:43
47.636964 -122.138438, 50.000000, 17.000000, 0.000000, 1380803924165933, 03.10.2013 15:38:44
47.637074 -122.138244, 50.000000, 17.000000, 0.000000, 1380803924467459, 03.10.2013 15:38:44
47.637184 -122.138050, 50.000000, 17.000000, 0.000000, 1380803924769210, 03.10.2013 15:38:44
47.637294 -122.137856, 50.000000, 17.000000, 0.000000, 1380803925070285, 03.10.2013 15:38:45
47.637444 -122.137722, 44.000000, 19.000000, 0.000000, 1380803925392562, 03.10.2013 15:38:45
47.637567 -122.137546, 44.000000, 19.000000, 0.000000, 1380803925694232, 03.10.2013 15:38:45
47.637690 -122.137370, 44.000000, 19.000000, 0.000000, 1380803925996454, 03.10.2013 15:38:45
47.637814 -122.137197, 40.000000, 19.000000, 0.000000, 1380803926297991, 03.10.2013 15:38:46
47.637945 -122.137034, 40.000000, 19.000000, 0.000000, 1380803926599612, 03.10.2013 15:38:46
47.638076 -122.136871, 40.000000, 19.000000, 0.000000, 1380803926901215, 03.10.2013 15:38:46
47.638211 -122.136717, 37.000000, 19.000000, 0.000000, 1380803927202862, 03.10.2013 15:38:47
47.638348 -122.136564, 37.000000, 19.000000, 0.000000, 1380803927504118, 03.10.2013 15:38:47
47.638485 -122.136411, 37.000000, 19.000000, 0.000000, 1380803927804855, 03.10.2013 15:38:47
47.638623 -122.136264, 32.000000, 19.000000, 0.000000, 1380803928106408, 03.10.2013 15:38:48
47.638768 -122.136130, 32.000000, 19.000000, 0.000000, 1380803928408214, 03.10.2013 15:38:48
47.638913 -122.135995, 32.000000, 19.000000, 0.000000, 1380803928722509, 03.10.2013 15:38:48
47.639060 -122.135867, 28.000000, 19.000000, 0.000000, 1380803929023315, 03.10.2013 15:38:49
47.639211 -122.135748, 28.000000, 19.000000, 0.000000, 1380803929325003, 03.10.2013 15:38:49
47.639360 -122.135627, 28.000000, 19.000000, 0.000000, 1380803929626963, 03.10.2013 15:38:49
47.639512 -122.135508, 28.000000, 19.000000, 0.000000, 1380803929928551, 03.10.2013 15:38:49
47.639664 -122.135395, 22.000000, 19.000000, 0.000000, 1380803930230226, 03.10.2013 15:38:50
47.639822 -122.135300, 22.000000, 19.000000, 0.000000, 1380803930531516, 03.10.2013 15:38:50
47.639981 -122.135204, 22.000000, 19.000000, 0.000000, 1380803930833675, 03.10.2013 15:38:50
47.640138 -122.135105, 20.000000, 19.000000, 0.000000, 1380803931152602, 03.10.2013 15:38:51
47.640298 -122.135018, 20.000000, 19.000000, 0.000000, 1380803931454138, 03.10.2013 15:38:51
47.640459 -122.134931, 20.000000, 19.000000, 0.000000, 1380803931756381, 03.10.2013 15:38:51
47.640620 -122.134845, 20.000000, 19.000000, 0.000000, 1380803932058002, 03.10.2013 15:38:52
47.640782 -122.134766, 18.000000, 19.000000, 0.000000, 1380803932358967, 03.10.2013 15:38:52
47.640945 -122.134688, 18.000000, 19.000000, 0.000000, 1380803932660626, 03.10.2013 15:38:52
47.641107 -122.134609, 18.000000, 19.000000, 0.000000, 1380803932962418, 03.10.2013 15:38:52
47.641270 -122.134535, 12.000000, 19.000000, 0.000000, 1380803933264744, 03.10.2013 15:38:53
47.641437 -122.134482, 12.000000, 19.000000, 0.000000, 1380803933566034, 03.10.2013 15:38:53
47.641605 -122.134429, 12.000000, 19.000000, 0.000000, 1380803933867720, 03.10.2013 15:38:53
47.641771 -122.134378, 12.000000, 19.000000, 0.000000, 1380803934168755, 03.10.2013 15:38:54
47.641939 -122.134325, 12.000000, 19.000000, 0.000000, 1380803934469914, 03.10.2013 15:38:54
47.642106 -122.134277, 6.000000, 19.000000, 0.000000, 1380803934771334, 03.10.2013 15:38:54
47.642276 -122.134251, 6.000000, 19.000000, 0.000000, 1380803935073018, 03.10.2013 15:38:55
47.642446 -122.134224, 6.000000, 19.000000, 0.000000, 1380803935373979, 03.10.2013 15:38:55
47.642616 -122.134199, 3.000000, 19.000000, 0.000000, 1380803935675918, 03.10.2013 15:38:55
47.642787 -122.134186, 3.000000, 19.000000, 0.000000, 1380803935976635, 03.10.2013 15:38:55
47.642958 -122.134172, 3.000000, 19.000000, 0.000000, 1380803936278307, 03.10.2013 15:38:56
47.643127 -122.134161, 1.000000, 19.000000, 0.000000, 1380803936580597, 03.10.2013 15:38:56
47.643298 -122.134156, 1.000000, 19.000000, 0.000000, 1380803936899282, 03.10.2013 15:38:56
47.643469 -122.134151, 359.000000, 19.000000, 0.000000, 1380803937200840, 03.10.2013 15:38:57
47.643640 -122.134156, 359.000000, 19.000000, 0.000000, 1380803937503087, 03.10.2013 15:38:57
47.643811 -122.134160, 359.000000, 19.000000, 0.000000, 1380803937805267, 03.10.2013 15:38:57
47.643981 -122.134178, 356.000000, 19.000000, 0.000000, 1380803938106796, 03.10.2013 15:38:58
47.644152 -122.134195, 356.000000, 19.000000, 0.000000, 1380803938408454, 03.10.2013 15:38:58
47.644321 -122.134226, 353.000000, 19.000000, 0.000000, 1380803938710319, 03.10.2013 15:38:58
47.644491 -122.134257, 353.000000, 19.000000, 0.000000, 1380803939012555, 03.10.2013 15:38:59
47.644659 -122.134296, 349.000000, 19.000000, 0.000000, 1380803939314158, 03.10.2013 15:38:59
47.644827 -122.134344, 349.000000, 19.000000, 0.000000, 1380803939615405, 03.10.2013 15:38:59
47.644994 -122.134397, 347.000000, 19.000000, 0.000000, 1380803939917061, 03.10.2013 15:38:59
47.645161 -122.134453, 347.000000, 19.000000, 0.000000, 1380803940217974, 03.10.2013 15:39:00
47.645327 -122.134509, 345.000000, 19.000000, 0.000000, 1380803940519594, 03.10.2013 15:39:00
47.645493 -122.134574, 345.000000, 19.000000, 0.000000, 1380803940821290, 03.10.2013 15:39:00
47.645658 -122.134640, 345.000000, 19.000000, 0.000000, 1380803941123383, 03.10.2013 15:39:01
47.645821 -122.134710, 342.000000, 19.000000, 0.000000, 1380803941424526, 03.10.2013 15:39:01
47.645984 -122.134788, 342.000000, 19.000000, 0.000000, 1380803941725916, 03.10.2013 15:39:01
47.646147 -122.134867, 342.000000, 19.000000, 0.000000, 1380803942027714, 03.10.2013 15:39:02
47.646307 -122.134951, 342.000000, 19.000000, 0.000000, 1380803942329969, 03.10.2013 15:39:02
47.646470 -122.135029, 342.000000, 19.000000, 0.000000, 1380803942645974, 03.10.2013 15:39:02
47.646633 -122.135108, 342.000000, 19.000000, 0.000000, 1380803942947211, 03.10.2013 15:39:02
47.646796 -122.135186, 342.000000, 19.000000, 0.000000, 1380803943249267, 03.10.2013 15:39:03
47.646959 -122.135264, 342.000000, 19.000000, 0.000000, 1380803943550831, 03.10.2013 15:39:03
47.647121 -122.135342, 342.000000, 19.000000, 0.000000, 1380803943852430, 03.10.2013 15:39:03
47.647284 -122.135420, 342.000000, 19.000000, 0.000000, 1380803944154069, 03.10.2013 15:39:04
47.647447 -122.135498, 342.000000, 19.000000, 0.000000, 1380803944455417, 03.10.2013 15:39:04
47.647610 -122.135576, 342.000000, 19.000000, 0.000000, 1380803944757008, 03.10.2013 15:39:04
47.647773 -122.135654, 342.000000, 19.000000, 0.000000, 1380803945058520, 03.10.2013 15:39:05
47.647935 -122.135732, 342.000000, 19.000000, 0.000000, 1380803945359960, 03.10.2013 15:39:05
47.648097 -122.135803, 344.000000, 19.000000, 0.000000, 1380803945661771, 03.10.2013 15:39:05
47.648261 -122.135873, 344.000000, 19.000000, 0.000000, 1380803945962808, 03.10.2013 15:39:05
47.648426 -122.135943, 344.000000, 19.000000, 0.000000, 1380803946263811, 03.10.2013 15:39:06
47.648591 -122.136012, 344.000000, 19.000000, 0.000000, 1380803946565430, 03.10.2013 15:39:06
47.648755 -122.136082, 344.000000, 19.000000, 0.000000, 1380803946867026, 03.10.2013 15:39:06
47.648917 -122.136155, 342.000000, 19.000000, 0.000000, 1380803947168631, 03.10.2013 15:39:07
47.649080 -122.136234, 342.000000, 19.000000, 0.000000, 1380803947469793, 03.10.2013 15:39:07
47.649243 -122.136312, 342.000000, 19.000000, 0.000000, 1380803947771437, 03.10.2013 15:39:07
47.649406 -122.136390, 342.000000, 19.000000, 0.000000, 1380803948072990, 03.10.2013 15:39:08
47.649569 -122.136468, 342.000000, 19.000000, 0.000000, 1380803948388777, 03.10.2013 15:39:08
47.649731 -122.136543, 342.000000, 19.000000, 0.000000, 1380803948690413, 03.10.2013 15:39:08
47.649893 -122.136622, 342.000000, 19.000000, 0.000000, 1380803948992167, 03.10.2013 15:39:08
47.650056 -122.136700, 342.000000, 19.000000, 0.000000, 1380803949293651, 03.10.2013 15:39:09
47.650219 -122.136778, 342.000000, 19.000000, 0.000000, 1380803949595184, 03.10.2013 15:39:09
47.650382 -122.136856, 342.000000, 19.000000, 0.000000, 1380803949896384, 03.10.2013 15:39:09
47.650545 -122.136934, 342.000000, 19.000000, 0.000000, 1380803950197399, 03.10.2013 15:39:10
47.650707 -122.137012, 342.000000, 19.000000, 0.000000, 1380803950498365, 03.10.2013 15:39:10
47.650872 -122.137073, 346.000000, 19.000000, 0.000000, 1380803950799921, 03.10.2013 15:39:10
47.651038 -122.137134, 346.000000, 19.000000, 0.000000, 1380803951101700, 03.10.2013 15:39:11
47.651204 -122.137195, 346.000000, 19.000000, 0.000000, 1380803951403245, 03.10.2013 15:39:11
47.651370 -122.137256, 346.000000, 19.000000, 0.000000, 1380803951704276, 03.10.2013 15:39:11
47.651534 -122.137322, 349.000000, 19.000000, 0.000000, 1380803952005348, 03.10.2013 15:39:12
47.651702 -122.137371, 349.000000, 19.000000, 0.000000, 1380803952306871, 03.10.2013 15:39:12
47.651870 -122.137419, 349.000000, 19.000000, 0.000000, 1380803952607994, 03.10.2013 15:39:12
47.652038 -122.137467, 349.000000, 19.000000, 0.000000, 1380803952909684, 03.10.2013 15:39:12
47.652204 -122.137518, 351.000000, 19.000000, 0.000000, 1380803953211605, 03.10.2013 15:39:13
47.652373 -122.137558, 351.000000, 19.000000, 0.000000, 1380803953512288, 03.10.2013 15:39:13
47.652542 -122.137597, 351.000000, 19.000000, 0.000000, 1380803953813890, 03.10.2013 15:39:13
47.652711 -122.137627, 355.000000, 19.000000, 0.000000, 1380803954131958, 03.10.2013 15:39:14
47.652882 -122.137649, 355.000000, 19.000000, 0.000000, 1380803954450198, 03.10.2013 15:39:14
47.653052 -122.137671, 355.000000, 19.000000, 0.000000, 1380803954751634, 03.10.2013 15:39:14
47.653223 -122.137693, 355.000000, 19.000000, 0.000000, 1380803955052926, 03.10.2013 15:39:15
47.653393 -122.137695, 359.000000, 19.000000, 0.000000, 1380803955354477, 03.10.2013 15:39:15
47.653564 -122.137699, 359.000000, 19.000000, 0.000000, 1380803955655841, 03.10.2013 15:39:15
47.653735 -122.137704, 359.000000, 19.000000, 0.000000, 1380803955957269, 03.10.2013 15:39:15
47.653907 -122.137708, 359.000000, 19.000000, 0.000000, 1380803956258907, 03.10.2013 15:39:16
47.654076 -122.137710, 1.000000, 19.000000, 0.000000, 1380803956560560, 03.10.2013 15:39:16
47.654247 -122.137705, 1.000000, 19.000000, 0.000000, 1380803956861517, 03.10.2013 15:39:16
47.654418 -122.137691, 3.000000, 19.000000, 0.000000, 1380803957162162, 03.10.2013 15:39:17
47.654589 -122.137678, 3.000000, 19.000000, 0.000000, 1380803957463509, 03.10.2013 15:39:17
47.654759 -122.137669, 6.000000, 19.000000, 0.000000, 1380803957764951, 03.10.2013 15:39:17
47.654929 -122.137642, 6.000000, 19.000000, 0.000000, 1380803958066324, 03.10.2013 15:39:18
47.655099 -122.137616, 6.000000, 19.000000, 0.000000, 1380803958367819, 03.10.2013 15:39:18
47.655268 -122.137581, 9.000000, 19.000000, 0.000000, 1380803958669287, 03.10.2013 15:39:18
47.655437 -122.137541, 9.000000, 19.000000, 0.000000, 1380803958970735, 03.10.2013 15:39:18
47.655606 -122.137501, 9.000000, 19.000000, 0.000000, 1380803959272173, 03.10.2013 15:39:19
47.655775 -122.137461, 9.000000, 19.000000, 0.000000, 1380803959573632, 03.10.2013 15:39:19
47.655942 -122.137419, 11.000000, 19.000000, 0.000000, 1380803959889470, 03.10.2013 15:39:19
47.656110 -122.137370, 11.000000, 19.000000, 0.000000, 1380803960190835, 03.10.2013 15:39:20
47.656277 -122.137322, 13.000000, 19.000000, 0.000000, 1380803960492204, 03.10.2013 15:39:20
47.656444 -122.137265, 13.000000, 19.000000, 0.000000, 1380803960793820, 03.10.2013 15:39:20
47.656611 -122.137208, 13.000000, 19.000000, 0.000000, 1380803961095573, 03.10.2013 15:39:21
47.656776 -122.137149, 17.000000, 19.000000, 0.000000, 1380803961396985, 03.10.2013 15:39:21
47.656940 -122.137074, 17.000000, 19.000000, 0.000000, 1380803961698036, 03.10.2013 15:39:21
47.657104 -122.137000, 17.000000, 19.000000, 0.000000, 1380803961999438, 03.10.2013 15:39:21
47.657267 -122.136926, 17.000000, 19.000000, 0.000000, 1380803962300788, 03.10.2013 15:39:22
47.657430 -122.136850, 18.000000, 19.000000, 0.000000, 1380803962602172, 03.10.2013 15:39:22
47.657592 -122.136772, 18.000000, 19.000000, 0.000000, 1380803962903360, 03.10.2013 15:39:22
47.657755 -122.136693, 18.000000, 19.000000, 0.000000, 1380803963204758, 03.10.2013 15:39:23
47.657916 -122.136611, 19.000000, 19.000000, 0.000000, 1380803963506181, 03.10.2013 15:39:23
47.658078 -122.136528, 19.000000, 19.000000, 0.000000, 1380803963807651, 03.10.2013 15:39:23
47.658240 -122.136445, 19.000000, 19.000000, 0.000000, 1380803964108656, 03.10.2013 15:39:24
47.658401 -122.136364, 20.000000, 19.000000, 0.000000, 1380803964410124, 03.10.2013 15:39:24
47.658561 -122.136277, 20.000000, 19.000000, 0.000000, 1380803964711548, 03.10.2013 15:39:24
47.658722 -122.136190, 20.000000, 19.000000, 0.000000, 1380803965012592, 03.10.2013 15:39:25
47.658883 -122.136103, 20.000000, 19.000000, 0.000000, 1380803965314010, 03.10.2013 15:39:25
47.659044 -122.136017, 20.000000, 19.000000, 0.000000, 1380803965629358, 03.10.2013 15:39:25
47.659205 -122.135930, 20.000000, 19.000000, 0.000000, 1380803965931120, 03.10.2013 15:39:25
47.659362 -122.135837, 20.000000, 19.000000, 0.000000, 1380803966231942, 03.10.2013 15:39:26
47.659523 -122.135750, 20.000000, 19.000000, 0.000000, 1380803966533279, 03.10.2013 15:39:26
47.659684 -122.135663, 20.000000, 19.000000, 0.000000, 1380803966834575, 03.10.2013 15:39:26
47.659845 -122.135577, 20.000000, 19.000000, 0.000000, 1380803967135957, 03.10.2013 15:39:27
47.660001 -122.135475, 22.000000, 19.000000, 0.000000, 1380803967437240, 03.10.2013 15:39:27
47.660159 -122.135379, 22.000000, 19.000000, 0.000000, 1380803967738645, 03.10.2013 15:39:27
47.660318 -122.135284, 22.000000, 19.000000, 0.000000, 1380803968039967, 03.10.2013 15:39:28
47.660477 -122.135197, 19.000000, 19.000000, 0.000000, 1380803968341726, 03.10.2013 15:39:28
47.660639 -122.135114, 19.000000, 19.000000, 0.000000, 1380803968642548, 03.10.2013 15:39:28
47.660801 -122.135031, 19.000000, 19.000000, 0.000000, 1380803968943607, 03.10.2013 15:39:28
47.660963 -122.134949, 19.000000, 19.000000, 0.000000, 1380803969244993, 03.10.2013 15:39:29
47.661125 -122.134866, 19.000000, 19.000000, 0.000000, 1380803969546457, 03.10.2013 15:39:29
47.661285 -122.134781, 20.000000, 19.000000, 0.000000, 1380803969847848, 03.10.2013 15:39:29
47.661445 -122.134694, 20.000000, 19.000000, 0.000000, 1380803970158593, 03.10.2013 15:39:30
47.661606 -122.134607, 20.000000, 19.000000, 0.000000, 1380803970459916, 03.10.2013 15:39:30
47.661767 -122.134520, 20.000000, 19.000000, 0.000000, 1380803970761375, 03.10.2013 15:39:30
47.661927 -122.134436, 19.000000, 19.000000, 0.000000, 1380803971062893, 03.10.2013 15:39:31
47.662089 -122.134354, 19.000000, 19.000000, 0.000000, 1380803971381289, 03.10.2013 15:39:31
47.662251 -122.134271, 19.000000, 19.000000, 0.000000, 1380803971682535, 03.10.2013 15:39:31
47.662413 -122.134188, 19.000000, 19.000000, 0.000000, 1380803971984305, 03.10.2013 15:39:31
47.662574 -122.134106, 19.000000, 19.000000, 0.000000, 1380803972285204, 03.10.2013 15:39:32
47.662736 -122.134023, 19.000000, 19.000000, 0.000000, 1380803972585838, 03.10.2013 15:39:32
47.662898 -122.133940, 19.000000, 19.000000, 0.000000, 1380803972887106, 03.10.2013 15:39:32
47.663060 -122.133858, 19.000000, 19.000000, 0.000000, 1380803973188449, 03.10.2013 15:39:33
47.663222 -122.133775, 19.000000, 19.000000, 0.000000, 1380803973489755, 03.10.2013 15:39:33
47.663375 -122.133670, 24.000000, 19.000000, 0.000000, 1380803973791107, 03.10.2013 15:39:33
47.663531 -122.133567, 24.000000, 19.000000, 0.000000, 1380803974092405, 03.10.2013 15:39:34
47.663688 -122.133463, 24.000000, 19.000000, 0.000000, 1380803974393823, 03.10.2013 15:39:34
47.663843 -122.133360, 28.000000, 19.000000, 0.000000, 1380803974695620, 03.10.2013 15:39:34
47.663994 -122.133241, 28.000000, 19.000000, 0.000000, 1380803974997043, 03.10.2013 15:39:34
47.664145 -122.133122, 28.000000, 19.000000, 0.000000, 1380803975298363, 03.10.2013 15:39:35
47.664296 -122.133007, 34.000000, 19.000000, 0.000000, 1380803975599720, 03.10.2013 15:39:35
47.664438 -122.132865, 34.000000, 19.000000, 0.000000, 1380803975901047, 03.10.2013 15:39:35
47.664580 -122.132723, 34.000000, 19.000000, 0.000000, 1380803976201784, 03.10.2013 15:39:36
47.664722 -122.132581, 34.000000, 19.000000, 0.000000, 1380803976503056, 03.10.2013 15:39:36
47.664844 -122.132406, 47.000000, 19.000000, 0.000000, 1380803976804799, 03.10.2013 15:39:36
47.664961 -122.132220, 47.000000, 19.000000, 0.000000, 1380803977134874, 03.10.2013 15:39:37
47.665077 -122.132035, 47.000000, 19.000000, 0.000000, 1380803977436184, 03.10.2013 15:39:37
47.665194 -122.131849, 47.000000, 19.000000, 0.000000, 1380803977737518, 03.10.2013 15:39:37
47.665311 -122.131664, 47.000000, 19.000000, 0.000000, 1380803978038160, 03.10.2013 15:39:38
47.665419 -122.131469, 50.000000, 19.000000, 0.000000, 1380803978339379, 03.10.2013 15:39:38
47.665529 -122.131275, 50.000000, 19.000000, 0.000000, 1380803978640792, 03.10.2013 15:39:38
47.665640 -122.131081, 50.000000, 19.000000, 0.000000, 1380803978942169, 03.10.2013 15:39:38
47.665750 -122.130886, 50.000000, 19.000000, 0.000000, 1380803979242758, 03.10.2013 15:39:39
47.665851 -122.130683, 57.000000, 19.000000, 0.000000, 1380803979543683, 03.10.2013 15:39:39
47.665944 -122.130470, 57.000000, 19.000000, 0.000000, 1380803979845063, 03.10.2013 15:39:39
47.666037 -122.130257, 57.000000, 19.000000, 0.000000, 1380803980146306, 03.10.2013 15:39:40
47.666087 -122.130016, 74.000000, 19.000000, 0.000000, 1380803980446955, 03.10.2013 15:39:40
47.666135 -122.129772, 74.000000, 19.000000, 0.000000, 1380803980748323, 03.10.2013 15:39:40
47.666150 -122.129520, 86.000000, 19.000000, 0.000000, 1380803981049011, 03.10.2013 15:39:41
47.666160 -122.129266, 90.000000, 19.000000, 0.000000, 1380803981350329, 03.10.2013 15:39:41
47.666160 -122.129013, 90.000000, 19.000000, 0.000000, 1380803981651671, 03.10.2013 15:39:41
47.666145 -122.128763, 112.000000, 19.000000, 0.000000, 1380803981953032, 03.10.2013 15:39:41
47.666081 -122.128528, 112.000000, 19.000000, 0.000000, 1380803982254490, 03.10.2013 15:39:42
47.665993 -122.128315, 132.000000, 19.000000, 0.000000, 1380803982555469, 03.10.2013 15:39:42
47.665878 -122.128127, 132.000000, 19.000000, 0.000000, 1380803982856828, 03.10.2013 15:39:42
47.665743 -122.127974, 145.000000, 19.000000, 0.000000, 1380803983158176, 03.10.2013 15:39:43
47.665602 -122.127829, 145.000000, 19.000000, 0.000000, 1380803983459570, 03.10.2013 15:39:43
47.665462 -122.127683, 145.000000, 19.000000, 0.000000, 1380803983776211, 03.10.2013 15:39:43
47.665343 -122.127509, 120.000000, 19.000000, 0.000000, 1380803984077488, 03.10.2013 15:39:44
47.665258 -122.127290, 120.000000, 19.000000, 0.000000, 1380803984378936, 03.10.2013 15:39:44
47.665193 -122.127088, 10.000000, 19.000000, 0.000000, 1380803984679575, 03.10.2013 15:39:44
47.665361 -122.127044, 10.000000, 19.000000, 0.000000, 1380803984980694, 03.10.2013 15:39:44
47.665530 -122.126999, 10.000000, 19.000000, 0.000000, 1380803985281534, 03.10.2013 15:39:45
47.665699 -122.126955, 10.000000, 19.000000, 0.000000, 1380803985587855, 03.10.2013 15:39:45
47.665867 -122.126911, 10.000000, 19.000000, 0.000000, 1380803985889295, 03.10.2013 15:39:45
47.666034 -122.126872, 5.000000, 19.000000, 0.000000, 1380803986189980, 03.10.2013 15:39:46
47.666205 -122.126853, 4.000000, 19.000000, 0.000000, 1380803986491364, 03.10.2013 15:39:46
47.666376 -122.126835, 4.000000, 19.000000, 0.000000, 1380803986792367, 03.10.2013 15:39:46
47.666546 -122.126817, 4.000000, 19.000000, 0.000000, 1380803987093769, 03.10.2013 15:39:47
47.666717 -122.126799, 4.000000, 19.000000, 0.000000, 1380803987395154, 03.10.2013 15:39:47
47.666887 -122.126824, 355.000000, 19.000000, 0.000000, 1380803987695599, 03.10.2013 15:39:47
47.667056 -122.126857, 347.000000, 19.000000, 0.000000, 1380803987996778, 03.10.2013 15:39:47
47.667222 -122.126914, 347.000000, 19.000000, 0.000000, 1380803988298163, 03.10.2013 15:39:48
47.667388 -122.126976, 346.000000, 19.000000, 0.000000, 1380803988599379, 03.10.2013 15:39:48
47.667552 -122.127044, 337.000000, 19.000000, 0.000000, 1380803988900197, 03.10.2013 15:39:48
47.667710 -122.127143, 337.000000, 19.000000, 0.000000, 1380803989201100, 03.10.2013 15:39:49
47.667867 -122.127241, 337.000000, 19.000000, 0.000000, 1380803989501731, 03.10.2013 15:39:49
47.668019 -122.127354, 327.000000, 19.000000, 0.000000, 1380803989803164, 03.10.2013 15:39:49
47.668163 -122.127492, 327.000000, 19.000000, 0.000000, 1380803990104606, 03.10.2013 15:39:50
47.668306 -122.127629, 327.000000, 19.000000, 0.000000, 1380803990405326, 03.10.2013 15:39:50
47.668441 -122.127784, 319.000000, 19.000000, 0.000000, 1380803990706037, 03.10.2013 15:39:50
47.668571 -122.127950, 319.000000, 19.000000, 0.000000, 1380803991006732, 03.10.2013 15:39:51
47.668700 -122.128116, 319.000000, 19.000000, 0.000000, 1380803991307973, 03.10.2013 15:39:51
47.668817 -122.128301, 313.000000, 19.000000, 0.000000, 1380803991609356, 03.10.2013 15:39:51
47.668934 -122.128486, 313.000000, 19.000000, 0.000000, 1380803991925213, 03.10.2013 15:39:51
47.669030 -122.128696, 304.000000, 19.000000, 0.000000, 1380803992225991, 03.10.2013 15:39:52
47.669126 -122.128906, 304.000000, 19.000000, 0.000000, 1380803992526824, 03.10.2013 15:39:52
47.669258 -122.129065, 331.000000, 19.000000, 0.000000, 1380804006019001, 03.10.2013 15:40:06
47.669413 -122.129164, 351.000000, 19.000000, 0.000000, 1380804006322805, 03.10.2013 15:40:06
47.669569 -122.129087, 27.000000, 19.000000, 0.000000, 1380804006624293, 03.10.2013 15:40:06
47.669718 -122.128965, 45.000000, 19.000000, 0.000000, 1380804006925838, 03.10.2013 15:40:06
47.669839 -122.128786, 45.000000, 19.000000, 0.000000, 1380804007226809, 03.10.2013 15:40:07
47.669960 -122.128607, 45.000000, 19.000000, 0.000000, 1380804007528281, 03.10.2013 15:40:07
47.670081 -122.128427, 45.000000, 19.000000, 0.000000, 1380804007829722, 03.10.2013 15:40:07
47.670202 -122.128248, 45.000000, 19.000000, 0.000000, 1380804008130328, 03.10.2013 15:40:08
47.670323 -122.128068, 45.000000, 19.000000, 0.000000, 1380804008431728, 03.10.2013 15:40:08
47.670439 -122.127884, 45.000000, 19.000000, 0.000000, 1380804008732318, 03.10.2013 15:40:08
47.670560 -122.127704, 45.000000, 19.000000, 0.000000, 1380804009033351, 03.10.2013 15:40:09
47.670681 -122.127525, 43.000000, 19.000000, 0.000000, 1380804009334987, 03.10.2013 15:40:09
47.670805 -122.127352, 44.000000, 19.000000, 0.000000, 1380804009636609, 03.10.2013 15:40:09
47.670928 -122.127175, 44.000000, 19.000000, 0.000000, 1380804009937592, 03.10.2013 15:40:09
47.671023 -122.126967, 60.000000, 19.000000, 0.000000, 1380804010239025, 03.10.2013 15:40:10
47.671113 -122.126751, 58.000000, 19.000000, 0.000000, 1380804010539673, 03.10.2013 15:40:10
47.671204 -122.126536, 58.000000, 19.000000, 0.000000, 1380804010841087, 03.10.2013 15:40:10
47.671294 -122.126321, 58.000000, 19.000000, 0.000000, 1380804011142538, 03.10.2013 15:40:11
47.671385 -122.126106, 58.000000, 19.000000, 0.000000, 1380804011443897, 03.10.2013 15:40:11
47.671476 -122.125891, 58.000000, 19.000000, 0.000000, 1380804011745031, 03.10.2013 15:40:11
47.671566 -122.125676, 58.000000,